<?xml version="1.0" encoding="UTF-8"?>
<testng-results ignored="0" total="4" passed="3" failed="1" skipped="0">
  <reporter-output>
  </reporter-output>
  <suite started-at="2021-11-10T12:56:17 CST" name="Suite" finished-at="2021-11-10T12:56:42 CST" duration-ms="24784">
    <groups>
    </groups>
    <test started-at="2021-11-10T12:56:17 CST" name="Test1" finished-at="2021-11-10T12:56:32 CST" duration-ms="15257">
      <class name="testngMaven.Navigations">
        <test-method signature="navigationPage(java.lang.String,java.lang.String,java.lang.String)[pri:0, instance:testngMaven.Navigations@6c4f9535]" started-at="2021-11-10T12:56:17 CST" name="navigationPage" data-provider="getData" finished-at="2021-11-10T12:56:25 CST" duration-ms="7854" status="PASS">
          <params>
            <param index="0">
              <value>
                <![CDATA[KavyaChithra27@gmail.com]]>
              </value>
            </param>
            <param index="1">
              <value>
                <![CDATA[Kavya@93]]>
              </value>
            </param>
            <param index="2">
              <value>
                <![CDATA[Non-Restricted User]]>
              </value>
            </param>
          </params>
          <reporter-output>
          </reporter-output>
        </test-method> <!-- navigationPage -->
        <test-method is-config="true" signature="after()[pri:0, instance:testngMaven.Navigations@6c4f9535]" started-at="2021-11-10T12:56:25 CST" name="after" finished-at="2021-11-10T12:56:25 CST" duration-ms="56" status="PASS">
          <reporter-output>
          </reporter-output>
        </test-method> <!-- after -->
        <test-method signature="navigationPage(java.lang.String,java.lang.String,java.lang.String)[pri:0, instance:testngMaven.Navigations@6c4f9535]" started-at="2021-11-10T12:56:25 CST" name="navigationPage" data-provider="getData" finished-at="2021-11-10T12:56:32 CST" duration-ms="7268" status="PASS">
          <params>
            <param index="0">
              <value>
                <![CDATA[yuyui27@gmail.com]]>
              </value>
            </param>
            <param index="1">
              <value>
                <![CDATA[jjhhga@93]]>
              </value>
            </param>
            <param index="2">
              <value>
                <![CDATA[Restricted User]]>
              </value>
            </param>
          </params>
          <reporter-output>
          </reporter-output>
        </test-method> <!-- navigationPage -->
        <test-method is-config="true" signature="after()[pri:0, instance:testngMaven.Navigations@6c4f9535]" started-at="2021-11-10T12:56:32 CST" name="after" finished-at="2021-11-10T12:56:32 CST" duration-ms="38" status="PASS">
          <reporter-output>
          </reporter-output>
        </test-method> <!-- after -->
      </class> <!-- testngMaven.Navigations -->
    </test> <!-- Test1 -->
    <test started-at="2021-11-10T12:56:32 CST" name="Test2" finished-at="2021-11-10T12:56:37 CST" duration-ms="4744">
      <class name="testngMaven.AssetValidations">
        <test-method is-config="true" signature="browserInit()[pri:0, instance:testngMaven.AssetValidations@1b39fd82]" started-at="2021-11-10T12:56:32 CST" name="browserInit" finished-at="2021-11-10T12:56:37 CST" duration-ms="4256" status="PASS">
          <reporter-output>
          </reporter-output>
        </test-method> <!-- browserInit -->
        <test-method signature="validations()[pri:0, instance:testngMaven.AssetValidations@1b39fd82]" started-at="2021-11-10T12:56:37 CST" name="validations" finished-at="2021-11-10T12:56:37 CST" duration-ms="32" status="FAIL">
          <exception class="java.lang.AssertionError">
            <message>
              <![CDATA[expected [Featured COurce] but found [FEATURED COURSES]]]>
            </message>
            <full-stacktrace>
              <![CDATA[java.lang.AssertionError: expected [Featured COurce] but found [FEATURED COURSES]
at org.testng.Assert.fail(Assert.java:99)
at org.testng.Assert.failNotEquals(Assert.java:1037)
at org.testng.Assert.assertEqualsImpl(Assert.java:140)
at org.testng.Assert.assertEquals(Assert.java:122)
at org.testng.Assert.assertEquals(Assert.java:629)
at org.testng.Assert.assertEquals(Assert.java:639)
at testngMaven.AssetValidations.validations(AssetValidations.java:28)
at java.base/jdk.internal.reflect.NativeMethodAccessorImpl.invoke0(Native Method)
at java.base/jdk.internal.reflect.NativeMethodAccessorImpl.invoke(NativeMethodAccessorImpl.java:78)
at java.base/jdk.internal.reflect.DelegatingMethodAccessorImpl.invoke(DelegatingMethodAccessorImpl.java:43)
at java.base/java.lang.reflect.Method.invoke(Method.java:567)
at org.testng.internal.MethodInvocationHelper.invokeMethod(MethodInvocationHelper.java:133)
at org.testng.internal.TestInvoker.invokeMethod(TestInvoker.java:598)
at org.testng.internal.TestInvoker.invokeTestMethod(TestInvoker.java:173)
at org.testng.internal.MethodRunner.runInSequence(MethodRunner.java:46)
at org.testng.internal.TestInvoker$MethodInvocationAgent.invoke(TestInvoker.java:824)
at org.testng.internal.TestInvoker.invokeTestMethods(TestInvoker.java:146)
at org.testng.internal.TestMethodWorker.invokeTestMethods(TestMethodWorker.java:146)
at org.testng.internal.TestMethodWorker.run(TestMethodWorker.java:128)
at java.base/java.util.ArrayList.forEach(ArrayList.java:1511)
at org.testng.TestRunner.privateRun(TestRunner.java:794)
at org.testng.TestRunner.run(TestRunner.java:596)
at org.testng.SuiteRunner.runTest(SuiteRunner.java:377)
at org.testng.SuiteRunner.runSequentially(SuiteRunner.java:371)
at org.testng.SuiteRunner.privateRun(SuiteRunner.java:332)
at org.testng.SuiteRunner.run(SuiteRunner.java:276)
at org.testng.SuiteRunnerWorker.runSuite(SuiteRunnerWorker.java:53)
at org.testng.SuiteRunnerWorker.run(SuiteRunnerWorker.java:96)
at org.testng.TestNG.runSuitesSequentially(TestNG.java:1212)
at org.testng.TestNG.runSuitesLocally(TestNG.java:1134)
at org.testng.TestNG.runSuites(TestNG.java:1063)
at org.testng.TestNG.run(TestNG.java:1031)
at org.testng.remote.AbstractRemoteTestNG.run(AbstractRemoteTestNG.java:115)
at org.testng.remote.RemoteTestNG.initAndRun(RemoteTestNG.java:251)
at org.testng.remote.RemoteTestNG.main(RemoteTestNG.java:77)
]]>
            </full-stacktrace>
          </exception> <!-- java.lang.AssertionError -->
          <reporter-output>
          </reporter-output>
        </test-method> <!-- validations -->
        <test-method is-config="true" signature="after()[pri:0, instance:testngMaven.AssetValidations@1b39fd82]" started-at="2021-11-10T12:56:37 CST" name="after" finished-at="2021-11-10T12:56:37 CST" duration-ms="69" status="PASS">
          <reporter-output>
          </reporter-output>
        </test-method> <!-- after -->
      </class> <!-- testngMaven.AssetValidations -->
    </test> <!-- Test2 -->
    <test started-at="2021-11-10T12:56:37 CST" name="Test3" finished-at="2021-11-10T12:56:42 CST" duration-ms="4516">
      <class name="testngMaven.ValidateNavigationBar">
        <test-method is-config="true" signature="browserInit()[pri:0, instance:testngMaven.ValidateNavigationBar@5949eba8]" started-at="2021-11-10T12:56:37 CST" name="browserInit" finished-at="2021-11-10T12:56:42 CST" duration-ms="4406" status="PASS">
          <reporter-output>
          </reporter-output>
        </test-method> <!-- browserInit -->
        <test-method signature="validations()[pri:0, instance:testngMaven.ValidateNavigationBar@5949eba8]" started-at="2021-11-10T12:56:42 CST" name="validations" finished-at="2021-11-10T12:56:42 CST" duration-ms="44" status="PASS">
          <reporter-output>
          </reporter-output>
        </test-method> <!-- validations -->
        <test-method is-config="true" signature="after()[pri:0, instance:testngMaven.ValidateNavigationBar@5949eba8]" started-at="2021-11-10T12:56:42 CST" name="after" finished-at="2021-11-10T12:56:42 CST" duration-ms="65" status="PASS">
          <reporter-output>
          </reporter-output>
        </test-method> <!-- after -->
      </class> <!-- testngMaven.ValidateNavigationBar -->
    </test> <!-- Test3 -->
  </suite> <!-- Suite -->
</testng-results>
